24-11-2022 09:10:26 WARN  TestResultLoggerExtension:50 - Test Failed for test: Logout successfully due to cause: java.lang.IllegalArgumentException
24-11-2022 09:10:26 WARN  TestResultLoggerExtension:24 - Test result summary for TestLogOut {FAILED=1}
24-11-2022 09:12:19 WARN  TestResultLoggerExtension:50 - Test Failed for test: Logout successfully due to cause: org.openqa.selenium.NoSuchElementException
24-11-2022 09:12:19 WARN  TestResultLoggerExtension:24 - Test result summary for TestLogOut {FAILED=1}
24-11-2022 09:13:26 WARN  TestResultLoggerExtension:50 - Test Failed for test: Logout successfully due to cause: org.openqa.selenium.NoSuchElementException
24-11-2022 09:13:26 WARN  TestResultLoggerExtension:24 - Test result summary for TestLogOut {FAILED=1}
24-11-2022 09:14:35 WARN  TestResultLoggerExtension:37 - Test Successful for test: Logout successfully
24-11-2022 09:14:35 WARN  TestResultLoggerExtension:24 - Test result summary for TestLogOut {SUCCESSFUL=1}
24-11-2022 09:15:25 WARN  TestResultLoggerExtension:50 - Test Failed for test: Add post successfully due to cause: org.openqa.selenium.TimeoutException
24-11-2022 09:15:30 WARN  TestResultLoggerExtension:50 - Test Failed for test: Delete Post successfully due to cause: org.openqa.selenium.ElementClickInterceptedException
24-11-2022 09:15:30 WARN  TestResultLoggerExtension:24 - Test result summary for TestPost {FAILED=2}
24-11-2022 09:18:17 WARN  TestResultLoggerExtension:50 - Test Failed for test: Add post successfully due to cause: org.openqa.selenium.TimeoutException
24-11-2022 09:18:22 WARN  TestResultLoggerExtension:50 - Test Failed for test: Delete Post successfully due to cause: org.openqa.selenium.ElementClickInterceptedException
24-11-2022 09:18:22 WARN  TestResultLoggerExtension:24 - Test result summary for TestPost {FAILED=2}
24-11-2022 09:20:44 WARN  TestResultLoggerExtension:37 - Test Successful for test: Add post successfully
24-11-2022 09:20:48 WARN  TestResultLoggerExtension:37 - Test Successful for test: Delete Post successfully
24-11-2022 09:20:48 WARN  TestResultLoggerExtension:24 - Test result summary for TestPost {SUCCESSFUL=2}
